mktextfm garamond
mktextfm garamond
mktextfm garamond
mktextfm Garamond
mktextfm Garamond
mktextfm Garamond
mktextfm Garamond
mktextfm Garamond
mktextfm Garamond
mktextfm polices/EBGaramond-VariableFont
mktextfm polices/EBGaramond-VariableFont
mktextfm polices/EBGaramond-VariableFont
mktextfm Garamond
mktextfm Garamond
mktextfm Garamond
mktextfm Garamond
mktextfm Garamond
mktextfm Garamond
mktextfm Garamond
mktextfm Garamond
mktextfm Garamond
mktextfm polices/EBGaramond-VariableFont
mktextfm polices/EBGaramond-VariableFont
mktextfm polices/EBGaramond-VariableFont
mktextfm EBGaramond-VariableFont
mktextfm EBGaramond-VariableFont
mktextfm EBGaramond-VariableFont
mktextfm garamond
mktextfm garamond
mktextfm garamond
mktextfm garamond
mktextfm garamond
mktextfm garamond
mktextfm garamond
mktextfm garamond
mktextfm garamond
mktextfm EBGaramond
mktextfm EBGaramond
mktextfm ScholaX
mktextfm ScholaX
